[ 2023-06-17 21:58:20,635 ] 24 root - INFO - Data Ingestion Method Starts
[ 2023-06-17 21:58:20,702 ] 28 root - INFO - Dateset read as pandas Dataframe
[ 2023-06-17 21:58:20,792 ] 34 root - INFO - Train Test Split
[ 2023-06-17 21:58:20,844 ] 39 root - INFO - Ingetion of data is completed
[ 2023-06-17 21:58:20,993 ] 73 root - INFO - Read train and test data completed
[ 2023-06-17 21:58:21,001 ] 74 root - INFO - Train Dataframe Head : 
             Airline   Source Destination Total_Stops  Price  Journey_Day  Journey_Month  Dep_hour  Dep_min  Arrival_hour  Arrival_min  Duration_hour  Duration_min
0  Multiple carriers    Delhi      Cochin      1 stop  13377           27              5        15        0             1           30             10            30
1           Air Asia  Kolkata    Banglore      1 stop   5192            9              5        22       40            10           40             12             0
2             IndiGo    Delhi      Cochin      1 stop   6412           27              6        14       20            22           30              8            10
3           Air Asia  Kolkata    Banglore    non-stop   4409            6              5        19       55            22           25              2            30
4           SpiceJet  Chennai     Kolkata    non-stop   3597           27              6         9       45            12            0              2            15
[ 2023-06-17 21:58:21,005 ] 75 root - INFO - Test Dataframe Head  : 
                Airline    Source Destination Total_Stops  Price  Journey_Day  Journey_Month  Dep_hour  Dep_min  Arrival_hour  Arrival_min  Duration_hour  Duration_min
0     Multiple carriers     Delhi      Cochin      1 stop  15058           12              6         8        0            19           15             11            15
1           Jet Airways  Banglore   New Delhi      1 stop   7832           21              3        11       40            21           20              9            40
2             Air India   Kolkata    Banglore     2 stops  14424           15              5        10        0             5           25             19            25
3  Jet Airways Business  Banglore   New Delhi      1 stop  57209            1              3         9       45            14           25              4            40
4                IndiGo     Delhi      Cochin      1 stop   6628           27              3        17       30             1           35              8             5
[ 2023-06-17 21:58:21,005 ] 77 root - INFO - Obtaining preprocessing object
[ 2023-06-17 21:58:21,005 ] 26 root - INFO - Data Transformation initiated
[ 2023-06-17 21:58:21,005 ] 32 root - INFO - Pipeline Initiated
[ 2023-06-17 21:58:21,013 ] 115 root - INFO - Exception occured in the initiate_datatransformation
