[ 2023-06-19 21:15:55,668 ] 187 werkzeug - INFO - [31m[1mWARNING: This is a development server. Do not use it in a production deployment. Use a production WSGI server instead.[0m
 * Running on all addresses (0.0.0.0)
 * Running on http://127.0.0.1:5000
 * Running on http://192.168.1.9:5000
[ 2023-06-19 21:15:55,668 ] 187 werkzeug - INFO - [33mPress CTRL+C to quit[0m
[ 2023-06-19 21:15:55,676 ] 187 werkzeug - INFO -  * Restarting with stat
[ 2023-06-19 21:23:50,038 ] 187 werkzeug - INFO -  * Restarting with stat
[ 2023-06-19 22:04:31,583 ] 187 werkzeug - INFO -  * Restarting with stat
[ 2023-06-19 22:05:30,115 ] 187 werkzeug - INFO -  * Restarting with stat
[ 2023-06-19 22:05:56,733 ] 187 werkzeug - INFO -  * Restarting with stat
[ 2023-06-19 22:06:17,640 ] 187 werkzeug - INFO -  * Restarting with stat
[ 2023-06-19 22:06:31,166 ] 187 werkzeug - INFO -  * Restarting with stat
[ 2023-06-19 22:06:51,894 ] 187 werkzeug - INFO -  * Restarting with stat
[ 2023-06-19 22:07:17,784 ] 187 werkzeug - INFO -  * Restarting with stat
[ 2023-06-19 22:07:34,855 ] 187 werkzeug - INFO -  * Restarting with stat
[ 2023-06-19 22:08:12,670 ] 187 werkzeug - INFO -  * Restarting with stat
[ 2023-06-19 22:08:28,702 ] 187 werkzeug - INFO -  * Restarting with stat
[ 2023-06-19 22:08:48,857 ] 187 werkzeug - INFO -  * Restarting with stat
[ 2023-06-19 22:09:11,951 ] 187 werkzeug - INFO -  * Restarting with stat
[ 2023-06-19 22:09:33,464 ] 187 werkzeug - INFO -  * Restarting with stat
[ 2023-06-19 22:10:11,363 ] 187 werkzeug - INFO -  * Restarting with stat
[ 2023-06-19 22:10:28,116 ] 187 werkzeug - INFO -  * Restarting with stat
[ 2023-06-19 22:11:47,182 ] 187 werkzeug - INFO -  * Restarting with stat
[ 2023-06-19 22:11:57,862 ] 187 werkzeug - INFO -  * Restarting with stat
